<?xml version="1.0" encoding="UTF-8"?>
<!-- Generated by org.testng.reporters.JUnitReportReporter -->
<testsuite hostname="Chaus-MacBook-Pro.local" name="tests.TestCreateUpdateSearchIssue" tests="3" failures="0" timestamp="8 Mar 2015 14:49:09 GMT" time="46.488" errors="0">
  <testcase name="test_User_Can_Update_Issue" time="17.324" classname="tests.TestCreateUpdateSearchIssue"/>
  <testcase name="test_User_Can_Search_Issue_By_Issue_ID" time="6.592" classname="tests.TestCreateUpdateSearchIssue"/>
  <testcase name="test_User_Can_Create_Issue" time="22.572" classname="tests.TestCreateUpdateSearchIssue"/>
</testsuite> <!-- tests.TestCreateUpdateSearchIssue -->
