<?xml version="1.0" encoding="UTF-8"?>
<!-- Generated by org.testng.reporters.JUnitReportReporter -->
<testsuite hostname="Chaus-MacBook-Pro.local" name="tests.TestCreateUpdateSearchIssueWithPageFactory" tests="3" failures="0" timestamp="8 Mar 2015 14:49:09 GMT" time="51.883" errors="0">
  <testcase name="test_User_Can_Update_Issue" time="21.365" classname="tests.TestCreateUpdateSearchIssueWithPageFactory"/>
  <testcase name="test_User_Can_Create_Issue" time="23.510" classname="tests.TestCreateUpdateSearchIssueWithPageFactory"/>
  <testcase name="test_User_Can_Search_Issue_By_Issue_ID" time="7.008" classname="tests.TestCreateUpdateSearchIssueWithPageFactory"/>
</testsuite> <!-- tests.TestCreateUpdateSearchIssueWithPageFactory -->
